DiagnosticsPlugin.exe Information: 0 : [16/2/2017 9:30:07 AM] Starting DiagnosticPlugin.exe DiagnosticPlugin-ShutdownEvent DiagnosticPlugin-TotalShutdownEvent -wadVer1v5
DiagnosticsPlugin.exe Error: 0 : [16/2/2017 9:30:07 AM] Failed to save IIS Directory state
DiagnosticsPlugin.exe Error: 0 : [16/2/2017 9:30:07 AM] System.UnauthorizedAccessException: Filename: redirection.config
Error: Cannot read configuration file due to insufficient permissions


   at Microsoft.Web.Administration.Interop.IAppHostAdminManager.GetAdminSection(String bstrSectionName, String bstrPath)
   at Microsoft.Web.Administration.Configuration.GetSectionInternal(ConfigurationSection section, String sectionPath, String locationPath)
   at Microsoft.Web.Administration.ServerManager.SitesSectionCreator()
   at Microsoft.Web.Administration.Lazy.Initialize[T](T& target, CreateInstanceDelegate`1 valueFactory)
   at Microsoft.Web.Administration.ServerManager.SitesCollectionCreator()
   at Microsoft.Web.Administration.Lazy.Initialize[T](T& target, CreateInstanceDelegate`1 valueFactory)
   at Microsoft.Azure.Plugins.Plugin.DiagnosticsPluginManager.SaveIISDirectoryState()
DiagnosticsPlugin.exe Information: 0 : [16/2/2017 9:30:07 AM] Starting DiagnosticsPlugin
DiagnosticsPlugin.exe Information: 0 : [16/2/2017 9:30:07 AM] Emulator config file set to D:\CSCServiceAssignment2\CSCServiceAssignment2\csx\Debug\roles\WebRole1\approot\diagnostics.wadcfgx
DiagnosticsPlugin.exe Information: 0 : [16/2/2017 9:30:07 AM] DiagnosticsStoreRootPath set to: C:\Users\U430p\AppData\Local\dftmp\Resources\ec8f81c9-6c88-44b3-8b0c-f1631be8645c
DiagnosticsPlugin.exe Information: 0 : [16/2/2017 9:30:07 AM] Loading config file: D:\CSCServiceAssignment2\CSCServiceAssignment2\csx\Debug\roles\WebRole1\approot\diagnostics.wadcfgx
DiagnosticsPlugin.exe Information: 0 : [16/2/2017 9:30:07 AM] Config file to read: D:\CSCServiceAssignment2\CSCServiceAssignment2\csx\Debug\roles\WebRole1\approot\diagnostics.wadcfgx
DiagnosticsPlugin.exe Information: 0 : [16/2/2017 9:30:07 AM] Checking VM Type
DiagnosticsPlugin.exe Information: 0 : [16/2/2017 9:30:07 AM] Emulator config file set to D:\CSCServiceAssignment2\CSCServiceAssignment2\csx\Debug\roles\WebRole1\approot\diagnostics.wadcfgx
DiagnosticsPlugin.exe Information: 0 : [16/2/2017 9:30:07 AM] Extension set to Emulator Mode
DiagnosticsPlugin.exe Information: 0 : [16/2/2017 9:30:07 AM] Reading XML configuration file
DiagnosticsPlugin.exe Information: 0 : [16/2/2017 9:30:07 AM] Bypassing private config decryption
DiagnosticsPlugin.exe Information: 0 : [16/2/2017 9:30:07 AM] WadCfg is provided in initial configuration. Using that to initialize Diagnostics.
DiagnosticsPlugin.exe Information: 0 : [16/2/2017 9:30:07 AM] <PublicConfig xmlns="http://schemas.microsoft.com/ServiceHosting/2010/10/DiagnosticsConfiguration">
  <WadCfg>
    <DiagnosticMonitorConfiguration overallQuotaInMB="4096">
      <DiagnosticInfrastructureLogs scheduledTransferLogLevelFilter="Error" />
      <Logs scheduledTransferPeriod="PT1M" scheduledTransferLogLevelFilter="Error" />
      <Directories scheduledTransferPeriod="PT1M">
        <IISLogs containerName="wad-iis-logfiles" />
        <FailedRequestLogs containerName="wad-failedrequestlogs" />
      </Directories>
      <WindowsEventLog scheduledTransferPeriod="PT1M">
        <DataSource name="Application!*[System[(Level=1 or Level=2 or Level=3)]]" />
        <DataSource name="Windows Azure!*[System[(Level=1 or Level=2 or Level=3 or Level=4)]]" />
      </WindowsEventLog>
      <CrashDumps containerName="wad-crashdumps" dumpType="Mini">
        <CrashDumpConfiguration processName="WaIISHost.exe" />
        <CrashDumpConfiguration processName="WaWorkerHost.exe" />
        <CrashDumpConfiguration processName="w3wp.exe" />
      </CrashDumps>
      <PerformanceCounters scheduledTransferPeriod="PT1M">
        <PerformanceCounterConfiguration counterSpecifier="\Memory\Available MBytes" sampleRate="PT3M" />
        <PerformanceCounterConfiguration counterSpecifier="\Web Service(_Total)\ISAPI Extension Requests/sec" sampleRate="PT3M" />
        <PerformanceCounterConfiguration counterSpecifier="\Web Service(_Total)\Bytes Total/Sec" sampleRate="PT3M" />
        <PerformanceCounterConfiguration counterSpecifier="\ASP.NET Applications(__Total__)\Requests/Sec" sampleRate="PT3M" />
        <PerformanceCounterConfiguration counterSpecifier="\ASP.NET Applications(__Total__)\Errors Total/Sec" sampleRate="PT3M" />
        <PerformanceCounterConfiguration counterSpecifier="\ASP.NET\Requests Queued" sampleRate="PT3M" />
        <PerformanceCounterConfiguration counterSpecifier="\ASP.NET\Requests Rejected" sampleRate="PT3M" />
        <PerformanceCounterConfiguration counterSpecifier="\Processor(_Total)\% Processor Time" sampleRate="PT3M" />
      </PerformanceCounters>
    </DiagnosticMonitorConfiguration>
  </WadCfg>
  <StorageAccount>devstoreaccount1</StorageAccount>
</PublicConfig>
DiagnosticsPlugin.exe Information: 0 : [16/2/2017 9:30:07 AM] Private setting is loaded
DiagnosticsPlugin.exe Information: 0 : [16/2/2017 9:30:07 AM] Is config json/xml loaded
DiagnosticsPlugin.exe Information: 0 : [16/2/2017 9:30:07 AM] Checking if configuration needs to be fetched from the storage account and doing so if needed.
DiagnosticsPlugin.exe Information: 0 : [16/2/2017 9:30:07 AM] Successfully created checkpoint file C:\Users\U430p\AppData\Local\dftmp\Resources\ec8f81c9-6c88-44b3-8b0c-f1631be8645c\WAD0105\Configuration\Checkpoint.txt
DiagnosticsPlugin.exe Information: 0 : [16/2/2017 9:30:07 AM] Will use local resource directory C:\Users\U430p\AppData\Local\dftmp\Resources\ec8f81c9-6c88-44b3-8b0c-f1631be8645c\WAD0105
DiagnosticsPlugin.exe Information: 0 : [16/2/2017 9:30:07 AM] Will use endpoint https://core.windows.net for storage.
DiagnosticsPlugin.exe Information: 0 : [16/2/2017 9:30:08 AM] Exception in creating the ServerManager; is IIS installed?
 Error:System.UnauthorizedAccessException: Filename: redirection.config
Error: Cannot read configuration file due to insufficient permissions


   at Microsoft.Web.Administration.Interop.IAppHostAdminManager.GetAdminSection(String bstrSectionName, String bstrPath)
   at Microsoft.Web.Administration.Configuration.GetSectionInternal(ConfigurationSection section, String sectionPath, String locationPath)
   at Microsoft.Web.Administration.ServerManager.SitesSectionCreator()
   at Microsoft.Web.Administration.Lazy.Initialize[T](T& target, CreateInstanceDelegate`1 valueFactory)
   at Microsoft.Web.Administration.ServerManager.SitesCollectionCreator()
   at Microsoft.Web.Administration.Lazy.Initialize[T](T& target, CreateInstanceDelegate`1 valueFactory)
   at Microsoft.Azure.Plugins.Plugin.WadConfigProcessor.AddDirectories(EventsType mdsEvents, Directories wadDirectories)
DiagnosticsPlugin.exe Information: 0 : [16/2/2017 9:30:08 AM] Running in emulator mode, crash dumps not enabled
DiagnosticsPlugin.exe Information: 0 : [16/2/2017 9:30:09 AM] Checking to see if Application Insights extension needs to be configured.
DiagnosticsPlugin.exe Information: 0 : [16/2/2017 9:30:09 AM] In emulator mode and using devstore updating XStoreAccount info, command line args: -LocalPath "C:\Users\U430p\AppData\Local\dftmp\Resources\ec8f81c9-6c88-44b3-8b0c-f1631be8645c\WAD0105"  -ConfigFile "C:\Users\U430p\AppData\Local\dftmp\Resources\ec8f81c9-6c88-44b3-8b0c-f1631be8645c\WAD0105\Configuration\MaConfig.xml" -ShutDownEvent WADDM-ShutDown-b00f3ae9f4014f7da6f0da54885f827b  -TotalShutDownEvent WADDM-TotalShutDown-b00f3ae9f4014f7da6f0da54885f827b -InitializedEvent WADM-StartUp-b00f3ae9f4014f7da6f0da54885f827b -parent 10064 -events -wadVer1v5 -UseProxyServer -XStoreAccounts WadAccount#true#devstoreaccount1#Eby8vdM02xNOcqFlqUwJPLlmEtlCDXJ1OUzFT50uSRZ6IFsuFq2UVErCz4I6tq/K1SZFPTOtr/KBHBeksoGMGw==#http://127.0.0.1:10002#http://127.0.0.1:10001#http://127.0.0.1:10000
DiagnosticsPlugin.exe Error: 0 : [16/2/2017 9:30:39 AM] Microsoft.Cis.Monitoring.Query.QueryException: ErrorFail
   at Microsoft.Cis.Monitoring.Query.QueryLocalTable..ctor(String TableName, String TablePath)
   at ApplicationInsightsExtension.MATableReader.ReadTableRecords(String tableName, String tablePath, DateTime startTime, DateTime endTime)
   at Microsoft.Azure.Plugins.Diagnostics.dll.MAStatusWriter.UpdateStatusReport(Object sender, ElapsedEventArgs e)
